SF:lib\data\restaurant_data.dart
DA:9,4
DA:10,8
DA:12,4
DA:13,4
DA:15,8
DA:16,12
LF:6
LH:6
end_of_record
SF:lib\ui\_core\providers\address_provider.dart
DA:8,0
DA:9,0
DA:10,0
DA:12,0
DA:13,0
DA:14,0
DA:15,0
DA:18,1
DA:19,1
DA:20,1
DA:21,1
DA:24,0
DA:25,0
DA:26,0
DA:27,0
DA:28,0
DA:34,0
DA:35,0
DA:36,0
LF:19
LH:4
end_of_record
SF:lib\ui\_core\providers\bag_provider.dart
DA:7,0
DA:8,0
DA:9,0
DA:12,0
DA:13,0
DA:14,0
DA:17,0
DA:18,0
DA:19,0
DA:22,0
DA:23,0
DA:25,0
DA:26,0
DA:27,0
DA:29,0
DA:36,0
DA:38,0
DA:39,0
LF:18
LH:0
end_of_record
SF:lib\ui\_core\providers\payment_provider.dart
DA:8,0
DA:10,0
DA:13,0
DA:14,0
DA:16,0
DA:17,0
DA:20,1
DA:21,1
DA:22,1
DA:24,1
LF:10
LH:4
end_of_record
SF:lib\ui\_core\providers\quantity_provider.dart
DA:6,2
DA:8,0
DA:9,0
DA:10,0
DA:13,0
DA:14,0
DA:15,0
DA:16,0
DA:20,0
DA:21,0
DA:22,0
DA:23,0
LF:12
LH:1
end_of_record
SF:lib\model\restaurant.dart
DA:13,4
DA:24,0
DA:25,0
DA:26,0
DA:27,0
DA:28,0
DA:29,0
DA:30,0
DA:31,0
DA:32,0
DA:33,0
DA:37,4
DA:38,4
DA:39,4
DA:40,4
DA:41,4
DA:42,4
DA:43,4
DA:44,4
DA:45,8
DA:46,20
DA:50,0
DA:52,0
LF:23
LH:11
end_of_record
SF:lib\ui\home\home_screen.dart
DA:12,6
DA:14,4
DA:16,4
DA:17,4
DA:18,4
DA:19,4
DA:20,4
DA:21,4
DA:22,4
DA:23,4
DA:24,4
DA:27,4
DA:28,8
DA:29,8
DA:30,4
DA:31,4
DA:33,4
DA:34,4
DA:35,4
DA:36,4
DA:40,8
DA:41,4
DA:43,4
DA:45,4
DA:46,8
DA:47,4
DA:48,4
DA:49,8
DA:55,4
DA:56,8
DA:57,4
DA:59,4
DA:60,8
DA:61,4
DA:63,8
DA:64,4
DA:68,4
LF:37
LH:37
end_of_record
SF:lib\ui\restaurant\restaurant_screen.dart
DA:10,2
DA:12,2
DA:14,2
DA:15,6
DA:16,2
DA:18,2
DA:19,2
DA:20,2
DA:21,8
DA:23,2
DA:26,2
DA:32,10
DA:33,6
DA:34,4
LF:14
LH:14
end_of_record
SF:lib\ui\dish\dish_screen.dart
DA:14,1
DA:16,1
DA:18,1
DA:19,3
DA:20,1
DA:21,1
DA:23,1
DA:26,1
DA:27,1
DA:28,3
DA:29,3
DA:32,1
DA:34,1
DA:36,1
DA:37,1
DA:38,2
DA:39,1
DA:45,5
DA:49,1
DA:55,3
DA:57,1
DA:58,1
DA:59,1
DA:62,1
DA:63,1
DA:69,1
DA:70,1
DA:74,0
DA:75,0
DA:76,0
DA:86,0
DA:90,1
DA:91,2
DA:94,1
DA:100,1
DA:101,1
DA:105,0
DA:106,0
DA:113,1
DA:115,1
DA:117,1
DA:118,1
DA:119,0
DA:122,0
DA:125,0
DA:127,0
DA:130,0
DA:131,0
DA:132,0
DA:135,0
DA:136,0
DA:140,0
DA:143,0
DA:145,1
LF:54
LH:37
end_of_record
SF:lib\data\categories_data.dart
DA:2,12
LF:1
LH:1
end_of_record
SF:lib\model\dish.dart
DA:8,4
DA:16,0
DA:17,0
DA:18,0
DA:19,0
DA:20,0
DA:21,0
DA:22,0
DA:26,4
DA:27,4
DA:28,4
DA:29,4
DA:30,4
DA:31,4
DA:32,4
DA:36,0
DA:38,0
LF:17
LH:8
end_of_record
SF:lib\ui\_core\widgets\app_bar.dart
DA:7,4
DA:8,4
DA:9,4
DA:10,2
DA:12,4
DA:13,4
DA:14,8
DA:15,4
DA:16,4
DA:17,12
DA:18,4
DA:20,4
DA:21,4
DA:23,1
DA:24,1
DA:26,1
DA:27,1
DA:28,1
DA:33,4
LF:19
LH:19
end_of_record
SF:lib\ui\checkout\checkout_screen.dart
DA:12,1
DA:14,1
DA:16,1
DA:17,1
DA:18,1
DA:19,2
DA:21,3
DA:22,1
DA:23,1
DA:25,1
DA:26,1
DA:27,2
DA:30,0
DA:31,0
DA:34,0
DA:36,0
DA:37,0
DA:38,0
DA:39,0
DA:40,0
DA:42,0
DA:43,0
DA:44,0
DA:46,0
DA:48,0
DA:49,0
DA:50,0
DA:51,0
DA:53,0
DA:59,0
DA:61,0
DA:62,0
DA:64,0
DA:65,0
DA:72,0
DA:73,0
DA:74,0
DA:75,0
DA:76,0
DA:78,0
DA:79,0
DA:80,0
DA:82,0
DA:84,0
DA:85,0
DA:86,0
DA:87,0
DA:92,0
DA:98,0
DA:100,0
DA:101,0
DA:103,0
DA:104,0
DA:116,0
DA:117,0
DA:118,0
DA:121,0
DA:122,0
DA:123,0
DA:124,0
DA:127,0
DA:131,0
DA:133,0
DA:134,0
DA:136,0
DA:137,0
DA:140,0
DA:146,0
DA:147,0
DA:148,0
DA:149,0
DA:151,0
DA:152,0
DA:153,0
DA:154,0
DA:155,0
DA:158,0
DA:159,0
DA:160,0
DA:163,0
DA:164,0
DA:165,0
DA:166,0
DA:168,0
DA:172,0
DA:173,0
DA:178,0
DA:179,0
DA:180,0
DA:182,0
DA:183,0
DA:184,0
DA:186,0
DA:190,0
DA:191,0
DA:202,0
DA:205,0
DA:211,0
DA:216,0
DA:219,0
DA:225,0
DA:260,0
DA:263,0
DA:269,0
DA:270,0
DA:272,0
DA:273,0
DA:274,0
DA:276,0
DA:281,0
DA:282,0
DA:283,0
DA:286,0
DA:287,0
DA:289,0
DA:294,0
DA:295,0
DA:296,0
DA:299,0
DA:300,0
DA:302,0
DA:307,0
DA:308,0
DA:309,0
DA:316,0
DA:318,0
DA:319,0
DA:320,0
DA:322,0
DA:324,0
DA:325,0
DA:326,0
DA:327,0
DA:329,0
DA:330,0
DA:331,0
DA:335,0
DA:336,0
DA:338,0
DA:345,0
DA:347,0
DA:348,0
DA:349,0
DA:351,0
DA:354,0
DA:355,0
DA:356,0
DA:357,0
DA:360,0
DA:366,0
DA:367,0
DA:369,0
DA:370,0
DA:373,0
DA:374,0
DA:379,0
DA:384,0
DA:387,0
DA:388,0
DA:389,0
DA:390,0
DA:391,0
DA:393,0
DA:395,0
DA:398,0
DA:399,0
DA:404,0
DA:409,0
DA:411,0
DA:422,0
DA:424,0
DA:425,0
DA:427,0
DA:430,0
DA:431,0
DA:432,0
DA:434,0
LF:177
LH:12
end_of_record
SF:lib\ui\_core\widgets\drawer.dart
DA:4,4
DA:5,4
DA:6,4
DA:8,4
DA:20,4
DA:21,4
DA:22,4
DA:23,0
DA:24,0
DA:27,4
DA:28,4
DA:29,0
DA:30,0
DA:32,0
DA:33,0
DA:34,0
DA:40,4
DA:41,4
DA:42,0
DA:43,0
DA:46,4
DA:47,4
DA:48,0
DA:49,0
LF:24
LH:13
end_of_record
SF:lib\ui\categories\category_screen.dart
DA:10,0
DA:12,0
DA:14,0
DA:15,0
DA:16,0
DA:17,0
DA:18,0
DA:19,0
DA:24,0
DA:25,0
DA:26,0
DA:27,0
DA:28,0
DA:30,0
DA:31,0
DA:32,0
DA:33,0
DA:35,0
DA:38,0
DA:39,0
DA:40,0
DA:41,0
DA:42,0
LF:23
LH:0
end_of_record
SF:lib\ui\home\widgets\restaurant_widget.dart
DA:7,4
DA:9,4
DA:11,4
DA:12,2
DA:13,2
DA:15,2
DA:16,6
DA:20,4
DA:22,4
DA:23,16
DA:24,4
DA:26,4
DA:27,4
DA:28,8
DA:29,4
DA:31,4
DA:32,20
DA:33,4
DA:36,16
LF:19
LH:19
end_of_record
SF:lib\ui\checkout\widget\card_widget.dart
DA:4,0
DA:11,0
DA:12,0
DA:14,0
DA:15,0
DA:17,0
DA:18,0
DA:19,0
DA:20,0
DA:21,0
DA:23,0
DA:25,0
DA:26,0
DA:27,0
DA:28,0
DA:30,0
LF:16
LH:0
end_of_record
SF:lib\ui\checkout\widget\pop_up_widget.dart
DA:9,0
DA:14,0
DA:16,0
DA:17,0
DA:18,0
DA:19,0
DA:22,0
DA:23,0
DA:24,0
DA:25,0
DA:26,0
DA:27,0
DA:28,0
DA:34,0
DA:37,0
DA:38,0
DA:39,0
DA:44,0
DA:45,0
DA:48,0
DA:50,0
DA:53,0
DA:58,0
DA:59,0
DA:62,0
DA:63,0
DA:69,0
DA:70,0
DA:71,0
DA:72,0
DA:74,0
DA:75,0
DA:76,0
DA:77,0
DA:78,0
DA:80,0
DA:82,0
DA:83,0
DA:84,0
DA:85,0
DA:88,0
DA:90,0
DA:92,0
DA:97,0
DA:98,0
DA:100,0
DA:101,0
DA:102,0
DA:103,0
DA:104,0
DA:106,0
DA:108,0
DA:109,0
DA:110,0
DA:111,0
DA:114,0
DA:116,0
DA:118,0
DA:126,0
DA:127,0
DA:128,0
DA:129,0
DA:131,0
DA:132,0
DA:133,0
DA:134,0
DA:135,0
DA:137,0
DA:139,0
DA:140,0
DA:142,0
DA:144,0
DA:149,0
DA:150,0
DA:152,0
DA:153,0
DA:154,0
DA:155,0
DA:156,0
DA:158,0
DA:160,0
DA:161,0
DA:163,0
DA:165,0
DA:170,0
DA:171,0
DA:173,0
DA:174,0
DA:175,0
DA:176,0
DA:177,0
DA:179,0
DA:181,0
DA:182,0
DA:184,0
DA:186,0
LF:96
LH:0
end_of_record
SF:lib\ui\home\widgets\category_widget.dart
DA:7,4
DA:9,4
DA:11,4
DA:12,0
DA:14,0
DA:16,0
DA:17,0
DA:21,4
DA:24,4
DA:26,4
DA:28,4
DA:33,4
DA:34,4
DA:35,4
DA:36,12
DA:40,4
DA:41,4
DA:42,4
LF:18
LH:14
end_of_record
SF:lib\ui\restaurant\widget\dish_widget.dart
DA:10,2
DA:12,2
DA:14,8
DA:17,2
DA:18,6
DA:19,0
DA:21,2
DA:22,1
DA:23,1
DA:25,1
DA:27,4
DA:31,2
DA:32,2
DA:35,2
DA:36,2
DA:37,6
DA:38,6
DA:41,2
DA:43,2
DA:45,2
DA:46,2
DA:47,4
DA:48,2
DA:54,10
DA:58,2
DA:64,2
LF:26
LH:25
end_of_record
SF:lib\ui\splash\splash_screen.dart
DA:6,2
DA:8,2
DA:10,2
DA:12,2
DA:13,2
DA:14,2
DA:15,2
DA:16,2
DA:18,2
DA:21,2
DA:22,2
DA:23,2
DA:24,2
DA:25,2
DA:27,2
DA:29,2
DA:31,2
DA:39,2
DA:41,2
DA:42,2
DA:43,2
DA:45,2
DA:46,2
LF:23
LH:23
end_of_record
